Active-HDL 9.1.2353.4205  2017-06-02 12:23:51

Elaboration top modules:
Verilog Module                Processor


------------------------------------------------------------------------------------------
Verilog Module          | Library | Info | Compiler Version         | Compilation Options
------------------------------------------------------------------------------------------
Processor               | 54      |      | 9.1.2353.4205  (Windows) | -l 54 -O2
Control                 | 54      |      | 9.1.2353.4205  (Windows) | -l 54 -O2
Hazard_Detection        | 54      |      | 9.1.2353.4205  (Windows) | -l 54 -O2
CPZero                  | 54      |      | 9.1.2353.4205  (Windows) | -l 54 -O2
Mux4                    | 54      |      | 9.1.2353.4205  (Windows) | -l 54 -O2
Mux2                    | 54      |      | 9.1.2353.4205  (Windows) | -l 54 -O2
Register                | 54      |      | 9.1.2353.4205  (Windows) | -l 54 -O2
Add                     | 54      |      | 9.1.2353.4205  (Windows) | -l 54 -O2
IFID_Stage              | 54      |      | 9.1.2353.4205  (Windows) | -l 54 -O2
RegisterFile            | 54      |      | 9.1.2353.4205  (Windows) | -l 54 -O2
Compare                 | 54      |      | 9.1.2353.4205  (Windows) | -l 54 -O2
IDEX_Stage              | 54      |      | 9.1.2353.4205  (Windows) | -l 54 -O2
ALU                     | 54      |      | 9.1.2353.4205  (Windows) | -l 54 -O2
EXMEM_Stage             | 54      |      | 9.1.2353.4205  (Windows) | -l 54 -O2
TrapDetect              | 54      |      | 9.1.2353.4205  (Windows) | -l 54 -O2
MemControl              | 54      |      | 9.1.2353.4205  (Windows) | -l 54 -O2
MEMWB_Stage             | 54      |      | 9.1.2353.4205  (Windows) | -l 54 -O2
Divide                  | 54      |      | 9.1.2353.4205  (Windows) | -l 54 -O2
------------------------------------------------------------------------------------------

------------------------------------------------------------------------------------------
Library                 | Comment
------------------------------------------------------------------------------------------
54                      | None
------------------------------------------------------------------------------------------
